<?xml version="1.0" encoding="UTF-8"?>
<!-- Generated by org.testng.reporters.JUnitReportReporter -->
<testsuite hostname="LAPTOP-T1TB0DAC" failures="0" tests="1" name="SearchTest.SearchTitleTest" time="1.442" errors="0" timestamp="2023-05-18T09:55:50 IST" skipped="0">
  <testcase classname="SearchTest.SearchTitleTest" name="validateTitle" time="1.442"/>
  <system-out/>
</testsuite> <!-- SearchTest.SearchTitleTest -->
